2024-12-21T20:05:59.765+03:00  INFO 20420 --- [demo5] [restartedMain] com.demo5.Demo5Application               : Starting Demo5Application using Java 23.0.1 with PID 20420 (D:\For4Kyrs\new\demo5\target\classes started by artem in D:\For4Kyrs\new\demo5)
2024-12-21T20:05:59.766+03:00  INFO 20420 --- [demo5] [restartedMain] com.demo5.Demo5Application               : No active profile set, falling back to 1 default profile: "default"
2024-12-21T20:05:59.975+03:00  INFO 20420 --- [demo5] [restartedMain] .s.d.r.c.RepositoryConfigurationDelegate : Multiple Spring Data modules found, entering strict repository configuration mode
2024-12-21T20:05:59.975+03:00  INFO 20420 --- [demo5] [restartedMain] .s.d.r.c.RepositoryConfigurationDelegate : Bootstrapping Spring Data JDBC repositories in DEFAULT mode.
2024-12-21T20:05:59.983+03:00  INFO 20420 --- [demo5] [restartedMain] .RepositoryConfigurationExtensionSupport : Spring Data JDBC - Could not safely identify store assignment for repository candidate interface com.demo5.repository.UserRepository; If you want this repository to be a JDBC repository, consider annotating your entities with one of these annotations: org.springframework.data.relational.core.mapping.Table.
2024-12-21T20:05:59.983+03:00  INFO 20420 --- [demo5] [restartedMain] .s.d.r.c.RepositoryConfigurationDelegate : Finished Spring Data repository scanning in 3 ms. Found 0 JDBC repository interfaces.
2024-12-21T20:05:59.985+03:00  INFO 20420 --- [demo5] [restartedMain] .s.d.r.c.RepositoryConfigurationDelegate : Multiple Spring Data modules found, entering strict repository configuration mode
2024-12-21T20:05:59.985+03:00  INFO 20420 --- [demo5] [restartedMain] .s.d.r.c.RepositoryConfigurationDelegate : Bootstrapping Spring Data JPA repositories in DEFAULT mode.
2024-12-21T20:05:59.991+03:00  INFO 20420 --- [demo5] [restartedMain] .s.d.r.c.RepositoryConfigurationDelegate : Finished Spring Data repository scanning in 4 ms. Found 1 JPA repository interface.
2024-12-21T20:06:00.061+03:00  WARN 20420 --- [demo5] [restartedMain] trationDelegate$BeanPostProcessorChecker : Bean 'org.springframework.ws.config.annotation.DelegatingWsConfiguration' of type [org.springframework.ws.config.annotation.DelegatingWsConfiguration$$SpringCGLIB$$0] is not eligible for getting processed by all BeanPostProcessors (for example: not eligible for auto-proxying). The currently created BeanPostProcessor [annotationActionEndpointMapping] is declared through a non-static factory method on that class; consider declaring it as static instead.
2024-12-21T20:06:00.063+03:00  INFO 20420 --- [demo5] [restartedMain] .w.s.a.s.AnnotationActionEndpointMapping : Supporting [WS-Addressing August 2004, WS-Addressing 1.0]
2024-12-21T20:06:00.121+03:00  INFO 20420 --- [demo5] [restartedMain] o.s.b.w.embedded.tomcat.TomcatWebServer  : Tomcat initialized with port 8080 (http)
2024-12-21T20:06:00.122+03:00  INFO 20420 --- [demo5] [restartedMain] o.apache.catalina.core.StandardService   : Starting service [Tomcat]
2024-12-21T20:06:00.122+03:00  INFO 20420 --- [demo5] [restartedMain] o.apache.catalina.core.StandardEngine    : Starting Servlet engine: [Apache Tomcat/10.1.34]
2024-12-21T20:06:00.141+03:00  INFO 20420 --- [demo5] [restartedMain] o.a.c.c.C.[Tomcat].[localhost].[/]       : Initializing Spring embedded WebApplicationContext
2024-12-21T20:06:00.142+03:00  INFO 20420 --- [demo5] [restartedMain] w.s.c.ServletWebServerApplicationContext : Root WebApplicationContext: initialization completed in 374 ms
2024-12-21T20:06:00.217+03:00  INFO 20420 --- [demo5] [restartedMain] o.hibernate.jpa.internal.util.LogHelper  : HHH000204: Processing PersistenceUnitInfo [name: default]
2024-12-21T20:06:00.219+03:00  INFO 20420 --- [demo5] [restartedMain] o.h.c.internal.RegionFactoryInitiator    : HHH000026: Second-level cache disabled
2024-12-21T20:06:00.224+03:00  INFO 20420 --- [demo5] [restartedMain] o.s.o.j.p.SpringPersistenceUnitInfo      : No LoadTimeWeaver setup: ignoring JPA class transformer
2024-12-21T20:06:00.225+03:00  INFO 20420 --- [demo5] [restartedMain] com.zaxxer.hikari.HikariDataSource       : HikariPool-3 - Starting...
2024-12-21T20:06:00.261+03:00  INFO 20420 --- [demo5] [restartedMain] com.zaxxer.hikari.pool.HikariPool        : HikariPool-3 - Added connection org.postgresql.jdbc.PgConnection@21be0904
2024-12-21T20:06:00.262+03:00  INFO 20420 --- [demo5] [restartedMain] com.zaxxer.hikari.HikariDataSource       : HikariPool-3 - Start completed.
2024-12-21T20:06:00.267+03:00  WARN 20420 --- [demo5] [restartedMain] org.hibernate.orm.deprecation            : HHH90000025: PostgreSQLDialect does not need to be specified explicitly using 'hibernate.dialect' (remove the property setting and it will be selected by default)
2024-12-21T20:06:00.268+03:00  INFO 20420 --- [demo5] [restartedMain] org.hibernate.orm.connections.pooling    : HHH10001005: Database info:
	Database JDBC URL [Connecting through datasource 'HikariDataSource (HikariPool-3)']
	Database driver: undefined/unknown
	Database version: 16.6
	Autocommit mode: undefined/unknown
	Isolation level: undefined/unknown
	Minimum pool size: undefined/unknown
	Maximum pool size: undefined/unknown
2024-12-21T20:06:00.294+03:00  INFO 20420 --- [demo5] [restartedMain] o.h.e.t.j.p.i.JtaPlatformInitiator       : HHH000489: No JTA platform available (set 'hibernate.transaction.jta.platform' to enable JTA platform integration)
2024-12-21T20:06:00.307+03:00  INFO 20420 --- [demo5] [restartedMain] j.LocalContainerEntityManagerFactoryBean : Initialized JPA EntityManagerFactory for persistence unit 'default'
2024-12-21T20:06:00.384+03:00  WARN 20420 --- [demo5] [restartedMain] JpaBaseConfiguration$JpaWebConfiguration : spring.jpa.open-in-view is enabled by default. Therefore, database queries may be performed during view rendering. Explicitly configure spring.jpa.open-in-view to disable this warning
2024-12-21T20:06:00.455+03:00  INFO 20420 --- [demo5] [restartedMain] r$InitializeUserDetailsManagerConfigurer : Global AuthenticationManager configured with UserDetailsService bean with name inMemoryUserDetailsManager
2024-12-21T20:06:00.502+03:00  INFO 20420 --- [demo5] [restartedMain] o.s.b.a.w.s.WelcomePageHandlerMapping    : Adding welcome page: class path resource [static/index.html]
2024-12-21T20:06:00.639+03:00  INFO 20420 --- [demo5] [restartedMain] o.s.b.a.e.web.EndpointLinksResolver      : Exposing 1 endpoint beneath base path '/actuator'
2024-12-21T20:06:00.683+03:00  WARN 20420 --- [demo5] [restartedMain] ion$DefaultTemplateResolverConfiguration : Cannot find template location: classpath:/templates/ (please add some templates, check your Thymeleaf configuration, or set spring.thymeleaf.check-template-location=false)
2024-12-21T20:06:00.813+03:00  INFO 20420 --- [demo5] [restartedMain] o.s.b.d.a.OptionalLiveReloadServer       : LiveReload server is running on port 35729
2024-12-21T20:06:00.825+03:00  INFO 20420 --- [demo5] [restartedMain] o.s.b.w.embedded.tomcat.TomcatWebServer  : Tomcat started on port 8080 (http) with context path '/'
2024-12-21T20:06:00.829+03:00  INFO 20420 --- [demo5] [restartedMain] com.demo5.Demo5Application               : Started Demo5Application in 1.092 seconds (process running for 267.963)
2024-12-21T20:06:00.833+03:00  INFO 20420 --- [demo5] [restartedMain] .ConditionEvaluationDeltaLoggingListener : Condition evaluation delta:


==========================
CONDITION EVALUATION DELTA
==========================


Positive matches:
-----------------

   LogFileWebEndpointAutoConfiguration#logFileWebEndpoint matched:
      - Log File found logging.file.name logs/app.log (LogFileWebEndpointAutoConfiguration.LogFileCondition)
      - @ConditionalOnMissingBean (types: org.springframework.boot.actuate.logging.LogFileWebEndpoint; SearchStrategy: all) did not find any beans (OnBeanCondition)


Negative matches:
-----------------

    None


Exclusions:
-----------

    None


Unconditional classes:
----------------------

    None



2024-12-21T20:07:10.926+03:00  INFO 20420 --- [demo5] [File Watcher] rtingClassPathChangeChangedEventListener : Restarting due to 1 class path change (0 additions, 0 deletions, 1 modification)
2024-12-21T20:07:10.927+03:00  INFO 20420 --- [demo5] [Thread-11] o.s.b.w.e.tomcat.GracefulShutdown        : Commencing graceful shutdown. Waiting for active requests to complete
2024-12-21T20:07:10.931+03:00  INFO 20420 --- [demo5] [tomcat-shutdown] o.s.b.w.e.tomcat.GracefulShutdown        : Graceful shutdown complete
2024-12-21T20:07:10.933+03:00  INFO 20420 --- [demo5] [Thread-11] j.LocalContainerEntityManagerFactoryBean : Closing JPA EntityManagerFactory for persistence unit 'default'
2024-12-21T20:07:10.933+03:00  INFO 20420 --- [demo5] [Thread-11] com.zaxxer.hikari.HikariDataSource       : HikariPool-3 - Shutdown initiated...
2024-12-21T20:07:10.936+03:00  INFO 20420 --- [demo5] [Thread-11] com.zaxxer.hikari.HikariDataSource       : HikariPool-3 - Shutdown completed.
